<?xml version="1.0" encoding="UTF-8"?>
<!-- Generated by org.testng.reporters.JUnitReportReporter -->
<testsuite hostname="Rahul-Dev-Ghosh" failures="0" tests="1" name="DataProviderTest" time="0.000" errors="0" timestamp="2022-05-12T17:58:03 IST" skipped="1">
  <testcase classname="DataProviderTest" name="testForm" time="0.000">
    <skipped/>
  </testcase> <!-- testForm -->
  <system-out/>
</testsuite> <!-- DataProviderTest -->
