<?xml version="1.0" encoding="UTF-8"?>
<!-- Generated by org.testng.reporters.JUnitReportReporter -->
<testsuite hostname="Rahul-Dev-Ghosh" failures="0" tests="10" name="DataProviderTest" time="29.802" errors="0" timestamp="2022-05-12T18:07:04 IST" skipped="0">
  <testcase classname="DataProviderTest" name="testForm" time="2.940"/>
  <system-out/>
  <testcase classname="DataProviderTest" name="testForm" time="2.960"/>
  <system-out/>
  <testcase classname="DataProviderTest" name="testForm" time="2.890"/>
  <system-out/>
  <testcase classname="DataProviderTest" name="testForm" time="2.977"/>
  <system-out/>
  <testcase classname="DataProviderTest" name="testForm" time="2.891"/>
  <system-out/>
  <testcase classname="DataProviderTest" name="testForm" time="3.053"/>
  <system-out/>
  <testcase classname="DataProviderTest" name="testForm" time="2.937"/>
  <system-out/>
  <testcase classname="DataProviderTest" name="testForm" time="3.198"/>
  <system-out/>
  <testcase classname="DataProviderTest" name="testForm" time="3.008"/>
  <system-out/>
  <testcase classname="DataProviderTest" name="testForm" time="2.948"/>
  <system-out/>
</testsuite> <!-- DataProviderTest -->
